#
# A fatal error has been detected by the Java Runtime Environment:
#
#  EXCEPTION_ACCESS_VIOLATION (0xc0000005) at pc=0x00007ffe1d0b4ff9, pid=166080, tid=160720
#
# JRE version: Java(TM) SE Runtime Environment (18.0.1.1+2) (build 18.0.1.1+2-6)
# Java VM: Java HotSpot(TM) 64-Bit Server VM (18.0.1.1+2-6, mixed mode, sharing, tiered, compressed oops, compressed class ptrs, g1 gc, windows-amd64)
# Problematic frame:
# V  [jvm.dll+0x254ff9]
#
# No core dump will be written. Minidumps are not enabled by default on client versions of Windows
#
# If you would like to submit a bug report, please visit:
#   https://bugreport.java.com/bugreport/crash.jsp
#

---------------  S U M M A R Y ------------

Command Line: -XX:+ShowCodeDetailsInExceptionMessages -agentlib:jdwp=transport=dt_socket,suspend=y,address=localhost:65499 -javaagent:C:\Users\varun\eclipse\jee-2022-06\eclipse\configuration\org.eclipse.osgi\407\0\.cp\lib\javaagent-shaded.jar -Dfile.encoding=UTF-8 com.webline.socialmedia.SocialmediaApplication

Host: 11th Gen Intel(R) Core(TM) i5-1155G7 @ 2.50GHz, 8 cores, 7G,  Windows 11 , 64 bit Build 22621 (10.0.22621.2070)
Time: Thu Aug 24 20:47:58 2023 India Standard Time elapsed time: 122.926474 seconds (0d 0h 2m 2s)

---------------  T H R E A D  ---------------

Current thread (0x000001b670847b70):  VMThread "VM Thread" [stack: 0x00000067b7900000,0x00000067b7a00000] [id=160720]

Stack: [0x00000067b7900000,0x00000067b7a00000],  sp=0x00000067b79fef00,  free space=1019k
Native frames: (J=compiled Java code, j=interpreted, Vv=VM code, C=native code)
V  [jvm.dll+0x254ff9]
V  [jvm.dll+0x64fad3]
V  [jvm.dll+0x650491]
V  [jvm.dll+0x54b947]
V  [jvm.dll+0x54f4f8]
V  [jvm.dll+0x54d31b]
V  [jvm.dll+0x7fa66b]
V  [jvm.dll+0x7fb404]
V  [jvm.dll+0x7fb93c]
V  [jvm.dll+0x7fbd94]
V  [jvm.dll+0x7fbe57]
V  [jvm.dll+0x7a03ea]
V  [jvm.dll+0x697725]
C  [ucrtbase.dll+0x29363]
C  [KERNEL32.DLL+0x126ad]
C  [ntdll.dll+0x5aa68]


siginfo: EXCEPTION_ACCESS_VIOLATION (0xc0000005), reading address 0x000001b673d0f980


Register to memory mapping:

RIP=0x00007ffe1d0b4ff9 jvm.dll
RAX=0x0000000000200000 is an unknown value
RBX=0x000001b673b0c000 is pointing into metadata
RCX=0x000001b673b0f980 is pointing into metadata
RDX=0x000000000000ffff is an unknown value
RSP=0x00000067b79fef00 points into unknown readable memory: 0x000001b65b2d7910 | 10 79 2d 5b b6 01 00 00
RBP=0x000001b673b0c000 is pointing into metadata
RSI=0x000000000000ffff is an unknown value
RDI=0x000000000000ffff is an unknown value
R8 ={method} {0x000001b673b0f7d0} 'likePost' '(Ljava/lang/Long;Lorg/springframework/security/core/Authentication;)Lorg/springframework/http/ResponseEntity;' in 'com/webline/socialmedia/controller/PostController'
R9 =0x00000067b79fefe0 points into unknown readable memory: 0x000001b673b0f7c8 | c8 f7 b0 73 b6 01 00 00
R10=0x000001b67083c460 points into unknown readable memory: 0x0000001e00000002 | 02 00 00 00 1e 00 00 00
R11={method} {0x000001b673b0f7d0} 'likePost' '(Ljava/lang/Long;Lorg/springframework/security/core/Authentication;)Lorg/springframework/http/ResponseEntity;' in 'com/webline/socialmedia/controller/PostController'
R12=0x000001b671f3add0 is pointing into metadata
R13=0x00007ffe1ce60000 jvm.dll
R14=0x00000067b79ff010 points into unknown readable memory: 0x000001b671f3bf38 | 38 bf f3 71 b6 01 00 00
R15=0x000001b673b0c000 is pointing into metadata


Registers:
RAX=0x0000000000200000, RBX=0x000001b673b0c000, RCX=0x000001b673b0f980, RDX=0x000000000000ffff
RSP=0x00000067b79fef00, RBP=0x000001b673b0c000, RSI=0x000000000000ffff, RDI=0x000000000000ffff
R8 =0x000001b673b0f7c8, R9 =0x00000067b79fefe0, R10=0x000001b67083c460, R11=0x000001b673b0f7c8
R12=0x000001b671f3add0, R13=0x00007ffe1ce60000, R14=0x00000067b79ff010, R15=0x000001b673b0c000
RIP=0x00007ffe1d0b4ff9, EFLAGS=0x0000000000010206

Top of Stack: (sp=0x00000067b79fef00)
0x00000067b79fef00:   000001b65b2d7910 000001b6506accd0
0x00000067b79fef10:   000001b671f3bd98 0000000000000034
0x00000067b79fef20:   000000000000002d 00007ffe1d4afad3
0x00000067b79fef30:   00000000000000b9 00007ffe1d1cc5e4
0x00000067b79fef40:   00000067b79fefe0 0000000000000001
0x00000067b79fef50:   000001b6799d9db0 0000000000000000
0x00000067b79fef60:   00000067b79fefe0 00007ffe1cf9afce
0x00000067b79fef70:   000001b673b0f7c8 00007ffe1d73dfb8
0x00000067b79fef80:   000001b673b0c000 000001b673b0f6d5
0x00000067b79fef90:   00000000000000b9 00007ffe1d4b0491
0x00000067b79fefa0:   00000000000000b9 00000067b79ff019
0x00000067b79fefb0:   00000000000000b9 00007ffe91960000
0x00000067b79fefc0:   000001b671f3add0 000001b673b0c000
0x00000067b79fefd0:   000001b673b0f7c8 000001b670847b70
0x00000067b79fefe0:   000001b673b0f7c8 000001b670847b70
0x00000067b79feff0:   0000000a00000005 000000b900000078 

Instructions: (pc=0x00007ffe1d0b4ff9)
0x00007ffe1d0b4ef9:   cc cc cc cc cc cc cc 48 89 5c 24 10 48 89 74 24
0x00007ffe1d0b4f09:   18 57 48 83 ec 30 48 63 da 49 8b f0 48 8b f9 85
0x00007ffe1d0b4f19:   d2 79 24 4c 8d 0d 2d 8b 6b 00 ba b5 02 00 00 4c
0x00007ffe1d0b4f29:   8d 05 59 8b 6b 00 48 8d 0d d2 8a 6b 00 e8 d5 79
0x00007ffe1d0b4f39:   00 00 e8 b0 34 44 00 48 8b 4f 10 48 85 c9 74 0f
0x00007ffe1d0b4f49:   48 8d 43 01 48 c1 e0 05 48 8b 04 08 0f b7 d8 48
0x00007ffe1d0b4f59:   63 c3 48 8d 54 24 40 48 89 7c 24 20 48 89 74 24
0x00007ffe1d0b4f69:   28 48 8b 8e 28 02 00 00 8b 5c c7 48 48 89 7c 24
0x00007ffe1d0b4f79:   40 e8 41 ac db ff 0f b7 d3 48 8d 4c 24 20 4c 8b
0x00007ffe1d0b4f89:   c6 e8 31 fc ff ff 48 8d 4c 24 20 48 8b d8 e8 d4
0x00007ffe1d0b4f99:   76 11 00 48 8b 74 24 50 48 8b c3 48 8b 5c 24 48
0x00007ffe1d0b4fa9:   48 83 c4 30 5f c3 cc 48 89 5c 24 08 57 48 83 ec
0x00007ffe1d0b4fb9:   20 48 63 fa 48 8b d9 85 d2 79 24 4c 8d 0d 85 8a
0x00007ffe1d0b4fc9:   6b 00 ba b5 02 00 00 4c 8d 05 b1 8a 6b 00 48 8d
0x00007ffe1d0b4fd9:   0d 2a 8a 6b 00 e8 2d 79 00 00 e8 08 34 44 00 48
0x00007ffe1d0b4fe9:   8b 4b 10 48 85 c9 74 0f 48 8d 47 01 48 c1 e0 05
0x00007ffe1d0b4ff9:   48 8b 04 08 0f b7 f8 48 63 c7 0f b7 4c c3 48 0f
0x00007ffe1d0b5009:   b7 44 cb 4a 48 8b 44 c3 48 48 8b 5c 24 30 48 83
0x00007ffe1d0b5019:   c4 20 5f c3 cc cc cc 4c 8b 41 20 4d 8b 00 e9 64
0x00007ffe1d0b5029:   02 00 00 cc cc cc cc 48 8b 49 20 48 8b 09 e9 f4
0x00007ffe1d0b5039:   59 00 00 cc cc cc cc 48 89 5c 24 18 56 57 41 56
0x00007ffe1d0b5049:   48 83 ec 20 48 83 3d 7b be 8c 00 00 4c 8b f2 48
0x00007ffe1d0b5059:   8b f9 74 0f 48 8b d1 48 8d 0d 79 89 6b 00 e8 34
0x00007ffe1d0b5069:   eb e5 ff 45 33 c0 41 8d 50 18 8d 4a 10 e8 b5 e0
0x00007ffe1d0b5079:   e5 ff 33 db 48 85 c0 74 22 48 8d 4f 08 89 58 08
0x00007ffe1d0b5089:   48 89 48 20 48 8d 0d 6c 8c 68 00 48 89 08 88 58
0x00007ffe1d0b5099:   0c 48 89 58 10 48 89 58 18 eb 03 48 8b c3 48 8b
0x00007ffe1d0b50a9:   d0 49 8b ce e8 ee ca 3e 00 45 33 c0 41 8d 50 18
0x00007ffe1d0b50b9:   8d 4a 10 e8 6f e0 e5 ff 48 85 c0 74 27 48 8d 0d
0x00007ffe1d0b50c9:   1b 8e 6b 00 c7 40 08 02 00 00 00 48 89 08 48 8d
0x00007ffe1d0b50d9:   4f 10 48 89 48 20 c6 40 0c 00 48 89 58 10 48 89
0x00007ffe1d0b50e9:   58 18 eb 03 48 8b c3 48 8b d0 49 8b ce e8 a5 ca 


Stack slot to memory mapping:
stack at sp + 0 slots: 0x000001b65b2d7910 is at entry_point+-592 in (nmethod*)0x000001b65b2d7910
Compiled method (c1)  122961 7199       3       org.springframework.boot.devtools.filewatch.DirectorySnapshot::filter (72 bytes)
 total in heap  [0x000001b65b2d7910,0x000001b65b2d8858] = 3912
 relocation     [0x000001b65b2d7a68,0x000001b65b2d7b40] = 216
 constants      [0x000001b65b2d7b40,0x000001b65b2d7b60] = 32
 main code      [0x000001b65b2d7b60,0x000001b65b2d84c0] = 2400
 stub code      [0x000001b65b2d84c0,0x000001b65b2d8558] = 152
 oops           [0x000001b65b2d8558,0x000001b65b2d8560] = 8
 metadata       [0x000001b65b2d8560,0x000001b65b2d8588] = 40
 scopes data    [0x000001b65b2d8588,0x000001b65b2d86d8] = 336
 scopes pcs     [0x000001b65b2d86d8,0x000001b65b2d8818] = 320
 dependencies   [0x000001b65b2d8818,0x000001b65b2d8828] = 16
 nul chk table  [0x000001b65b2d8828,0x000001b65b2d8858] = 48
stack at sp + 1 slots: 0x000001b6506accd0 points into unknown readable memory: 0x0000000300000002 | 02 00 00 00 03 00 00 00
stack at sp + 2 slots: {method} {0x000001b671f3bda0} 'getPostsByUser' '(Ljava/lang/String;Ljava/lang/String;Lorg/springframework/security/core/Authentication;)Lorg/springframework/http/ResponseEntity;' in 'com/webline/socialmedia/controller/PostController'
stack at sp + 3 slots: 0x0000000000000034 is an unknown value
stack at sp + 4 slots: 0x000000000000002d is an unknown value
stack at sp + 5 slots: 0x00007ffe1d4afad3 jvm.dll
stack at sp + 6 slots: 0x00000000000000b9 is an unknown value
stack at sp + 7 slots: 0x00007ffe1d1cc5e4 jvm.dll

VM_Operation (0x00000067b84ff1f0): RedefineClasses, mode: safepoint, requested by thread 0x000001b674e1c840, redefining class com.webline.socialmedia.controller.PostController



---------------  P R O C E S S  ---------------

Threads class SMR info:
_java_thread_list=0x000001b678f41280, length=35, elements={
0x000001b67084c2f0, 0x000001b67084efb0, 0x000001b67086a8a0, 0x000001b67086b150,
0x000001b67086ba00, 0x000001b6708748d0, 0x000001b6708789b0, 0x000001b67087b6b0,
0x000001b670887fd0, 0x000001b674ca5a60, 0x000001b674e1c840, 0x000001b674d739e0,
0x000001b674d73ec0, 0x000001b67559ed40, 0x000001b6798b3220, 0x000001b678534e60,
0x000001b67991c040, 0x000001b675eef850, 0x000001b675ef1530, 0x000001b675ef3210,
0x000001b675ef1a00, 0x000001b675ef2870, 0x000001b675eee9e0, 0x000001b675ef4ef0,
0x000001b675ef36e0, 0x000001b675eefd20, 0x000001b675ef01f0, 0x000001b675eeeeb0,
0x000001b675ef0b90, 0x000001b675ef06c0, 0x000001b675ef3bb0, 0x000001b675ef4550,
0x000001b675ef53c0, 0x000001b675ef4a20, 0x000001b675cfcc40
}

Java Threads: ( => current thread )
  0x000001b67084c2f0 JavaThread "Reference Handler" daemon [_thread_blocked, id=167052, stack(0x00000067b7a00000,0x00000067b7b00000)]
  0x000001b67084efb0 JavaThread "Finalizer" daemon [_thread_blocked, id=169256, stack(0x00000067b7b00000,0x00000067b7c00000)]
  0x000001b67086a8a0 JavaThread "Signal Dispatcher" daemon [_thread_blocked, id=162576, stack(0x00000067b7c00000,0x00000067b7d00000)]
  0x000001b67086b150 JavaThread "Attach Listener" daemon [_thread_blocked, id=169468, stack(0x00000067b7d00000,0x00000067b7e00000)]
  0x000001b67086ba00 JavaThread "Service Thread" daemon [_thread_blocked, id=169412, stack(0x00000067b7e00000,0x00000067b7f00000)]
  0x000001b6708748d0 JavaThread "Monitor Deflation Thread" daemon [_thread_blocked, id=149040, stack(0x00000067b7f00000,0x00000067b8000000)]
  0x000001b6708789b0 JavaThread "C2 CompilerThread0" daemon [_thread_blocked, id=168372, stack(0x00000067b8000000,0x00000067b8100000)]
  0x000001b67087b6b0 JavaThread "C1 CompilerThread0" daemon [_thread_blocked, id=132004, stack(0x00000067b8100000,0x00000067b8200000)]
  0x000001b670887fd0 JavaThread "Sweeper thread" daemon [_thread_blocked, id=168584, stack(0x00000067b8200000,0x00000067b8300000)]
  0x000001b674ca5a60 JavaThread "Common-Cleaner" daemon [_thread_blocked, id=169752, stack(0x00000067b8300000,0x00000067b8400000)]
  0x000001b674e1c840 JavaThread "JDWP Transport Listener: dt_socket" daemon [_thread_blocked, id=169012, stack(0x00000067b8400000,0x00000067b8500000)]
  0x000001b674d739e0 JavaThread "JDWP Event Helper Thread" daemon [_thread_blocked, id=168688, stack(0x00000067b8500000,0x00000067b8600000)]
  0x000001b674d73ec0 JavaThread "JDWP Command Reader" daemon [_thread_in_native, id=123320, stack(0x00000067b8600000,0x00000067b8700000)]
  0x000001b67559ed40 JavaThread "Notification Thread" daemon [_thread_blocked, id=168832, stack(0x00000067b8800000,0x00000067b8900000)]
  0x000001b6798b3220 JavaThread "mysql-cj-abandoned-connection-cleanup" daemon [_thread_blocked, id=169500, stack(0x00000067b9400000,0x00000067b9500000)]
  0x000001b678534e60 JavaThread "Catalina-utility-1" [_thread_blocked, id=168840, stack(0x00000067b9500000,0x00000067b9600000)]
  0x000001b67991c040 JavaThread "Catalina-utility-2" [_thread_blocked, id=169332, stack(0x00000067b9600000,0x00000067b9700000)]
  0x000001b675eef850 JavaThread "container-0" [_thread_blocked, id=168004, stack(0x00000067b9700000,0x00000067b9800000)]
  0x000001b675ef1530 JavaThread "HikariPool-1 housekeeper" daemon [_thread_blocked, id=168008, stack(0x00000067b9900000,0x00000067b9a00000)]
  0x000001b675ef3210 JavaThread "File Watcher" daemon [_thread_blocked, id=153784, stack(0x00000067b9b00000,0x00000067b9c00000)]
  0x000001b675ef1a00 JavaThread "Live Reload Server" daemon [_thread_in_native, id=160232, stack(0x00000067b9d00000,0x00000067b9e00000)]
  0x000001b675ef2870 JavaThread "http-nio-8095-exec-1" daemon [_thread_blocked, id=160440, stack(0x00000067b9c00000,0x00000067b9d00000)]
  0x000001b675eee9e0 JavaThread "http-nio-8095-exec-2" daemon [_thread_blocked, id=162400, stack(0x00000067b9e00000,0x00000067b9f00000)]
  0x000001b675ef4ef0 JavaThread "http-nio-8095-exec-3" daemon [_thread_blocked, id=159336, stack(0x00000067b9f00000,0x00000067ba000000)]
  0x000001b675ef36e0 JavaThread "http-nio-8095-exec-4" daemon [_thread_blocked, id=167356, stack(0x00000067ba000000,0x00000067ba100000)]
  0x000001b675eefd20 JavaThread "http-nio-8095-exec-5" daemon [_thread_blocked, id=169268, stack(0x00000067ba100000,0x00000067ba200000)]
  0x000001b675ef01f0 JavaThread "http-nio-8095-exec-6" daemon [_thread_blocked, id=161032, stack(0x00000067ba200000,0x00000067ba300000)]
  0x000001b675eeeeb0 JavaThread "http-nio-8095-exec-7" daemon [_thread_blocked, id=165552, stack(0x00000067ba300000,0x00000067ba400000)]
  0x000001b675ef0b90 JavaThread "http-nio-8095-exec-8" daemon [_thread_blocked, id=154868, stack(0x00000067ba400000,0x00000067ba500000)]
  0x000001b675ef06c0 JavaThread "http-nio-8095-exec-9" daemon [_thread_blocked, id=159452, stack(0x00000067ba500000,0x00000067ba600000)]
  0x000001b675ef3bb0 JavaThread "http-nio-8095-exec-10" daemon [_thread_blocked, id=112356, stack(0x00000067ba600000,0x00000067ba700000)]
  0x000001b675ef4550 JavaThread "http-nio-8095-Poller" daemon [_thread_in_native, id=166228, stack(0x00000067ba700000,0x00000067ba800000)]
  0x000001b675ef53c0 JavaThread "http-nio-8095-Acceptor" daemon [_thread_in_native, id=168288, stack(0x00000067ba800000,0x00000067ba900000)]
  0x000001b675ef4a20 JavaThread "DestroyJavaVM" [_thread_blocked, id=165440, stack(0x00000067b7300000,0x00000067b7400000)]
  0x000001b675cfcc40 JavaThread "ForkJoinPool.commonPool-worker-1" daemon [_thread_blocked, id=157532, stack(0x00000067b8700000,0x00000067b8800000)]

Other Threads:
=>0x000001b670847b70 VMThread "VM Thread" [stack: 0x00000067b7900000,0x00000067b7a00000] [id=160720]
  0x000001b6756180b0 WatcherThread "VM Periodic Task Thread" [stack: 0x00000067b8900000,0x00000067b8a00000] [id=164888]
  0x000001b65287cb00 WorkerThread "GC Thread#0" [stack: 0x00000067b7400000,0x00000067b7500000] [id=152304]
  0x000001b67587a750 WorkerThread "GC Thread#1" [stack: 0x00000067b8a00000,0x00000067b8b00000] [id=169952]
  0x000001b675a81d20 WorkerThread "GC Thread#2" [stack: 0x00000067b8b00000,0x00000067b8c00000] [id=167840]
  0x000001b675b3ec30 WorkerThread "GC Thread#3" [stack: 0x00000067b8c00000,0x00000067b8d00000] [id=168092]
  0x000001b67580ffa0 WorkerThread "GC Thread#4" [stack: 0x00000067b8d00000,0x00000067b8e00000] [id=168948]
  0x000001b6759697f0 WorkerThread "GC Thread#5" [stack: 0x00000067b8e00000,0x00000067b8f00000] [id=168228]
  0x000001b675969a90 WorkerThread "GC Thread#6" [stack: 0x00000067b8f00000,0x00000067b9000000] [id=158772]
  0x000001b6757293a0 WorkerThread "GC Thread#7" [stack: 0x00000067b9000000,0x00000067b9100000] [id=168256]
  0x000001b65288da80 ConcurrentGCThread "G1 Main Marker" [stack: 0x00000067b7500000,0x00000067b7600000] [id=168652]
  0x000001b65288e380 WorkerThread "G1 Conc#0" [stack: 0x00000067b7600000,0x00000067b7700000] [id=169844]
  0x000001b675a1d090 WorkerThread "G1 Conc#1" [stack: 0x00000067b9300000,0x00000067b9400000] [id=162512]
  0x000001b6528ce970 ConcurrentGCThread "G1 Refine#0" [stack: 0x00000067b7700000,0x00000067b7800000] [id=167500]
  0x000001b670702500 ConcurrentGCThread "G1 Service" [stack: 0x00000067b7800000,0x00000067b7900000] [id=162228]

Threads with active compile tasks:

VM state: at safepoint (normal execution)

VM Mutex/Monitor currently owned by a thread:  ([mutex/lock_event])
[0x000001b652819ec0] Threads_lock - owner thread: 0x000001b670847b70

Heap address: 0x0000000083e00000, size: 1986 MB, Compressed Oops mode: 32-bit

CDS archive(s) mapped at: [0x0000000800000000-0x0000000800ba0000-0x0000000800ba0000), size 12189696, SharedBaseAddress: 0x0000000800000000, ArchiveRelocationMode: 0.
Compressed class space mapped at: 0x0000000800c00000-0x0000000840c00000, reserved size: 1073741824
Narrow klass base: 0x0000000800000000, Narrow klass shift: 0, Narrow klass range: 0x100000000

GC Precious Log:
 CardTable entry size: 512
 Card Set container configuration: InlinePtr #cards 5 size 8 Array Of Cards #cards 12 size 40 Howl #buckets 4 coarsen threshold 1843 Howl Bitmap #cards 512 size 80 coarsen threshold 460 Card regions per heap region 1 cards per card region 2048
 CPUs: 8 total, 8 available
 Memory: 7941M
 Large Page Support: Disabled
 NUMA Support: Disabled
 Compressed Oops: Enabled (32-bit)
 Heap Region Size: 1M
 Heap Min Capacity: 8M
 Heap Initial Capacity: 126M
 Heap Max Capacity: 1986M
 Pre-touch: Disabled
 Parallel Workers: 8
 Concurrent Workers: 2
 Concurrent Refinement Workers: 8
 Periodic GC: Disabled

Heap:
 garbage-first heap   total 55296K, used 34592K [0x0000000083e00000, 0x0000000100000000)
  region size 1024K, 7 young (7168K), 1 survivors (1024K)
 Metaspace       used 54153K, committed 54912K, reserved 1114112K
  class space    used 6711K, committed 7104K, reserved 1048576K

Heap Regions: E=young(eden), S=young(survivor), O=old, HS=humongous(starts), HC=humongous(continues), CS=collection set, F=free, OA=open archive, CA=closed archive, TAMS=top-at-mark-start (previous, next)
|   0|0x0000000083e00000, 0x0000000083f00000, 0x0000000083f00000|100%| O|  |TAMS 0x0000000083f00000, 0x0000000083e00000| Untracked 
|   1|0x0000000083f00000, 0x0000000084000000, 0x0000000084000000|100%| O|  |TAMS 0x0000000084000000, 0x0000000083f00000| Untracked 
|   2|0x0000000084000000, 0x0000000084100000, 0x0000000084100000|100%| O|  |TAMS 0x0000000084100000, 0x0000000084000000| Untracked 
|   3|0x0000000084100000, 0x0000000084200000, 0x0000000084200000|100%| O|  |TAMS 0x0000000084200000, 0x0000000084100000| Untracked 
|   4|0x0000000084200000, 0x0000000084300000, 0x0000000084300000|100%| O|  |TAMS 0x0000000084300000, 0x0000000084200000| Untracked 
|   5|0x0000000084300000, 0x0000000084400000, 0x0000000084400000|100%| O|  |TAMS 0x0000000084400000, 0x0000000084300000| Untracked 
|   6|0x0000000084400000, 0x0000000084500000, 0x0000000084500000|100%| O|  |TAMS 0x0000000084500000, 0x0000000084400000| Untracked 
|   7|0x0000000084500000, 0x0000000084600000, 0x0000000084600000|100%| O|  |TAMS 0x0000000084600000, 0x0000000084500000| Untracked 
|   8|0x0000000084600000, 0x0000000084700000, 0x0000000084700000|100%| O|  |TAMS 0x0000000084700000, 0x0000000084600000| Untracked 
|   9|0x0000000084700000, 0x0000000084800000, 0x0000000084800000|100%| O|  |TAMS 0x0000000084800000, 0x0000000084700000| Untracked 
|  10|0x0000000084800000, 0x0000000084800000, 0x0000000084900000|  0%| F|  |TAMS 0x0000000084800000, 0x0000000084800000| Untracked 
|  11|0x0000000084900000, 0x0000000084a00000, 0x0000000084a00000|100%| O|  |TAMS 0x0000000084a00000, 0x0000000084900000| Untracked 
|  12|0x0000000084a00000, 0x0000000084b00000, 0x0000000084b00000|100%| O|  |TAMS 0x0000000084b00000, 0x0000000084a00000| Complete 
|  13|0x0000000084b00000, 0x0000000084c00000, 0x0000000084c00000|100%| O|  |TAMS 0x0000000084c00000, 0x0000000084b00000| Untracked 
|  14|0x0000000084c00000, 0x0000000084d00000, 0x0000000084d00000|100%| O|  |TAMS 0x0000000084d00000, 0x0000000084c00000| Untracked 
|  15|0x0000000084d00000, 0x0000000084e00000, 0x0000000084e00000|100%| O|  |TAMS 0x0000000084e00000, 0x0000000084d00000| Untracked 
|  16|0x0000000084e00000, 0x0000000084f00000, 0x0000000084f00000|100%| O|  |TAMS 0x0000000084f00000, 0x0000000084e00000| Untracked 
|  17|0x0000000084f00000, 0x0000000085000000, 0x0000000085000000|100%| O|  |TAMS 0x0000000085000000, 0x0000000084f00000| Untracked 
|  18|0x0000000085000000, 0x0000000085100000, 0x0000000085100000|100%| O|  |TAMS 0x0000000085100000, 0x0000000085000000| Untracked 
|  19|0x0000000085100000, 0x0000000085200000, 0x0000000085200000|100%| O|  |TAMS 0x0000000085200000, 0x0000000085100000| Untracked 
|  20|0x0000000085200000, 0x0000000085300000, 0x0000000085300000|100%| O|  |TAMS 0x0000000085300000, 0x0000000085200000| Untracked 
|  21|0x0000000085300000, 0x0000000085400000, 0x0000000085400000|100%| O|  |TAMS 0x0000000085400000, 0x0000000085300000| Untracked 
|  22|0x0000000085400000, 0x0000000085500000, 0x0000000085500000|100%| O|  |TAMS 0x0000000085500000, 0x0000000085400000| Untracked 
|  23|0x0000000085500000, 0x0000000085600000, 0x0000000085600000|100%| O|  |TAMS 0x0000000085600000, 0x0000000085500000| Untracked 
|  24|0x0000000085600000, 0x0000000085700000, 0x0000000085700000|100%| O|  |TAMS 0x0000000085700000, 0x0000000085600000| Untracked 
|  25|0x0000000085700000, 0x0000000085800000, 0x0000000085800000|100%| O|  |TAMS 0x0000000085800000, 0x0000000085700000| Untracked 
|  26|0x0000000085800000, 0x0000000085900000, 0x0000000085900000|100%| O|  |TAMS 0x0000000085900000, 0x0000000085800000| Untracked 
|  27|0x0000000085900000, 0x0000000085a00000, 0x0000000085a00000|100%| O|  |TAMS 0x0000000085a00000, 0x0000000085900000| Untracked 
|  28|0x0000000085a00000, 0x0000000085acd600, 0x0000000085b00000| 80%| O|  |TAMS 0x0000000085acd600, 0x0000000085a00000| Untracked 
|  29|0x0000000085b00000, 0x0000000085b00000, 0x0000000085c00000|  0%| F|  |TAMS 0x0000000085b00000, 0x0000000085b00000| Untracked 
|  30|0x0000000085c00000, 0x0000000085c00000, 0x0000000085d00000|  0%| F|  |TAMS 0x0000000085c00000, 0x0000000085c00000| Untracked 
|  31|0x0000000085d00000, 0x0000000085d00000, 0x0000000085e00000|  0%| F|  |TAMS 0x0000000085d00000, 0x0000000085d00000| Untracked 
|  32|0x0000000085e00000, 0x0000000085e00000, 0x0000000085f00000|  0%| F|  |TAMS 0x0000000085e00000, 0x0000000085e00000| Untracked 
|  33|0x0000000085f00000, 0x0000000085f00000, 0x0000000086000000|  0%| F|  |TAMS 0x0000000085f00000, 0x0000000085f00000| Untracked 
|  34|0x0000000086000000, 0x0000000086000000, 0x0000000086100000|  0%| F|  |TAMS 0x0000000086000000, 0x0000000086000000| Untracked 
|  35|0x0000000086100000, 0x0000000086100000, 0x0000000086200000|  0%| F|  |TAMS 0x0000000086100000, 0x0000000086100000| Untracked 
|  36|0x0000000086200000, 0x00000000862faa40, 0x0000000086300000| 97%| S|CS|TAMS 0x0000000086200000, 0x0000000086200000| Complete 
|  37|0x0000000086300000, 0x0000000086300000, 0x0000000086400000|  0%| F|  |TAMS 0x0000000086300000, 0x0000000086300000| Untracked 
|  38|0x0000000086400000, 0x0000000086400000, 0x0000000086500000|  0%| F|  |TAMS 0x0000000086400000, 0x0000000086400000| Untracked 
|  39|0x0000000086500000, 0x0000000086500000, 0x0000000086600000|  0%| F|  |TAMS 0x0000000086500000, 0x0000000086500000| Untracked 
|  40|0x0000000086600000, 0x0000000086600000, 0x0000000086700000|  0%| F|  |TAMS 0x0000000086600000, 0x0000000086600000| Untracked 
|  41|0x0000000086700000, 0x0000000086700000, 0x0000000086800000|  0%| F|  |TAMS 0x0000000086700000, 0x0000000086700000| Untracked 
|  42|0x0000000086800000, 0x0000000086800000, 0x0000000086900000|  0%| F|  |TAMS 0x0000000086800000, 0x0000000086800000| Untracked 
|  43|0x0000000086900000, 0x0000000086900000, 0x0000000086a00000|  0%| F|  |TAMS 0x0000000086900000, 0x0000000086900000| Untracked 
|  44|0x0000000086a00000, 0x0000000086a00000, 0x0000000086b00000|  0%| F|  |TAMS 0x0000000086a00000, 0x0000000086a00000| Untracked 
|  45|0x0000000086b00000, 0x0000000086b00000, 0x0000000086c00000|  0%| F|  |TAMS 0x0000000086b00000, 0x0000000086b00000| Untracked 
|  46|0x0000000086c00000, 0x0000000086c00000, 0x0000000086d00000|  0%| F|  |TAMS 0x0000000086c00000, 0x0000000086c00000| Untracked 
|  58|0x0000000087800000, 0x0000000087800000, 0x0000000087900000|  0%| F|  |TAMS 0x0000000087800000, 0x0000000087800000| Untracked 
|  59|0x0000000087900000, 0x0000000087989b48, 0x0000000087a00000| 53%| E|  |TAMS 0x0000000087900000, 0x0000000087900000| Complete 
|  60|0x0000000087a00000, 0x0000000087b00000, 0x0000000087b00000|100%| E|CS|TAMS 0x0000000087a00000, 0x0000000087a00000| Complete 
|  61|0x0000000087b00000, 0x0000000087c00000, 0x0000000087c00000|100%| E|CS|TAMS 0x0000000087b00000, 0x0000000087b00000| Complete 
|  62|0x0000000087c00000, 0x0000000087d00000, 0x0000000087d00000|100%| E|CS|TAMS 0x0000000087c00000, 0x0000000087c00000| Complete 
|  63|0x0000000087d00000, 0x0000000087e00000, 0x0000000087e00000|100%| E|CS|TAMS 0x0000000087d00000, 0x0000000087d00000| Complete 
| 125|0x000000008bb00000, 0x000000008bc00000, 0x000000008bc00000|100%| E|CS|TAMS 0x000000008bb00000, 0x000000008bb00000| Complete 

Card table byte_map: [0x000001b669860000,0x000001b669c50000] _byte_map_base: 0x000001b669441000

Marking Bits (Prev, Next): (CMBitMap*) 0x000001b65287d050, (CMBitMap*) 0x000001b65287d010
 Prev Bits: [0x000001b66bf50000, 0x000001b66de58000)
 Next Bits: [0x000001b66a040000, 0x000001b66bf48000)

Polling page: 0x000001b6507d0000

Metaspace:

Usage:
  Non-class:     46.33 MB used.
      Class:      6.55 MB used.
       Both:     52.88 MB used.

Virtual space:
  Non-class space:       64.00 MB reserved,      46.69 MB ( 73%) committed,  1 nodes.
      Class space:        1.00 GB reserved,       6.94 MB ( <1%) committed,  1 nodes.
             Both:        1.06 GB reserved,      53.62 MB (  5%) committed. 

Chunk freelists:
   Non-Class:  960.00 KB
       Class:  1.09 MB
        Both:  2.03 MB

MaxMetaspaceSize: unlimited
CompressedClassSpaceSize: 1.00 GB
Initial GC threshold: 21.00 MB
Current GC threshold: 89.19 MB
CDS: on
MetaspaceReclaimPolicy: balanced
 - commit_granule_bytes: 65536.
 - commit_granule_words: 8192.
 - virtual_space_node_default_size: 8388608.
 - enlarge_chunks_in_place: 1.
 - new_chunks_are_fully_committed: 0.
 - uncommit_free_chunks: 1.
 - use_allocation_guard: 0.


Internal statistics:

num_allocs_failed_limit: 6.
num_arena_births: 1056.
num_arena_deaths: 4.
num_vsnodes_births: 2.
num_vsnodes_deaths: 0.
num_space_committed: 858.
num_space_uncommitted: 0.
num_chunks_returned_to_freelist: 12.
num_chunks_taken_from_freelist: 2879.
num_chunk_merges: 6.
num_chunk_splits: 2038.
num_chunks_enlarged: 1583.
num_inconsistent_stats: 0.

CodeHeap 'non-profiled nmethods': size=120000Kb used=4191Kb max_used=4191Kb free=115808Kb
 bounds [0x000001b661c10000, 0x000001b662030000, 0x000001b669140000]
CodeHeap 'profiled nmethods': size=120000Kb used=12306Kb max_used=12306Kb free=107694Kb
 bounds [0x000001b65a6e0000, 0x000001b65b2f0000, 0x000001b661c10000]
CodeHeap 'non-nmethods': size=5760Kb used=1397Kb max_used=1483Kb free=4362Kb
 bounds [0x000001b65a140000, 0x000001b65a3b0000, 0x000001b65a6e0000]
 total_blobs=7040 nmethods=6411 adapters=541
 compilation: enabled
              stopped_count=0, restarted_count=0
 full_count=0

Compilation events (20 events):
Event: 104.337 Thread 0x000001b67087b6b0 7220       3       java.lang.System$2::blockedOn (5 bytes)
Event: 104.337 Thread 0x000001b67087b6b0 nmethod 7220 0x000001b65b2de810 code [0x000001b65b2de9a0, 0x000001b65b2deae8]
Event: 109.713 Thread 0x000001b67087b6b0 7222       3       java.util.concurrent.locks.AbstractQueuedSynchronizer$Node::clearStatus (12 bytes)
Event: 109.713 Thread 0x000001b67087b6b0 nmethod 7222 0x000001b65b2deb90 code [0x000001b65b2ded40, 0x000001b65b2deea8]
Event: 109.713 Thread 0x000001b67087b6b0 7223       3       java.util.concurrent.locks.LockSupport::unpark (12 bytes)
Event: 109.713 Thread 0x000001b67087b6b0 nmethod 7223 0x000001b65b2def90 code [0x000001b65b2df140, 0x000001b65b2df2a8]
Event: 113.431 Thread 0x000001b67087b6b0 7224   !   3       sun.nio.ch.SelectorImpl::processDeregisterQueue (145 bytes)
Event: 113.432 Thread 0x000001b67087b6b0 nmethod 7224 0x000001b65b2df390 code [0x000001b65b2df620, 0x000001b65b2e0698]
Event: 116.003 Thread 0x000001b67087b6b0 7225       3       java.util.EventObject::<init> (24 bytes)
Event: 116.004 Thread 0x000001b67087b6b0 nmethod 7225 0x000001b65b2e0d90 code [0x000001b65b2e0f40, 0x000001b65b2e1228]
Event: 117.110 Thread 0x000001b6708789b0 7226       4       java.io.File::<init> (78 bytes)
Event: 117.112 Thread 0x000001b6708789b0 nmethod 7226 0x000001b662027710 code [0x000001b6620278a0, 0x000001b662027aa8]
Event: 117.459 Thread 0x000001b67087b6b0 7227       3       sun.nio.ch.SelectorImpl::ensureOpen (16 bytes)
Event: 117.459 Thread 0x000001b67087b6b0 nmethod 7227 0x000001b65b2e1390 code [0x000001b65b2e1540, 0x000001b65b2e17c8]
Event: 117.522 Thread 0x000001b6708789b0 7228       4       java.util.LinkedHashMap$LinkedKeySet::size (8 bytes)
Event: 117.523 Thread 0x000001b6708789b0 nmethod 7228 0x000001b662027c10 code [0x000001b662027d80, 0x000001b662027e18]
Event: 119.477 Thread 0x000001b67087b6b0 7229   !   3       org.apache.tomcat.util.net.NioEndpoint$Poller::events (266 bytes)
Event: 119.478 Thread 0x000001b67087b6b0 nmethod 7229 0x000001b65b2e1910 code [0x000001b65b2e1cc0, 0x000001b65b2e37f8]
Event: 119.478 Thread 0x000001b67087b6b0 7230  s    3       org.apache.tomcat.util.collections.SynchronizedQueue::size (23 bytes)
Event: 119.478 Thread 0x000001b67087b6b0 nmethod 7230 0x000001b65b2e4390 code [0x000001b65b2e4520, 0x000001b65b2e4738]

GC Heap History (20 events):
Event: 7.445 GC heap before
{Heap before GC invocations=22 (full 0):
 garbage-first heap   total 45056K, used 35837K [0x0000000083e00000, 0x0000000100000000)
  region size 1024K, 15 young (15360K), 2 survivors (2048K)
 Metaspace       used 40379K, committed 40960K, reserved 1114112K
  class space    used 5047K, committed 5312K, reserved 1048576K
}
Event: 7.448 GC heap after
{Heap after GC invocations=23 (full 0):
 garbage-first heap   total 45056K, used 23360K [0x0000000083e00000, 0x0000000100000000)
  region size 1024K, 2 young (2048K), 2 survivors (2048K)
 Metaspace       used 40379K, committed 40960K, reserved 1114112K
  class space    used 5047K, committed 5312K, reserved 1048576K
}
Event: 7.604 GC heap before
{Heap before GC invocations=23 (full 0):
 garbage-first heap   total 45056K, used 35648K [0x0000000083e00000, 0x0000000100000000)
  region size 1024K, 15 young (15360K), 2 survivors (2048K)
 Metaspace       used 41718K, committed 42368K, reserved 1114112K
  class space    used 5181K, committed 5504K, reserved 1048576K
}
Event: 7.607 GC heap after
{Heap after GC invocations=24 (full 0):
 garbage-first heap   total 45056K, used 24597K [0x0000000083e00000, 0x0000000100000000)
  region size 1024K, 2 young (2048K), 2 survivors (2048K)
 Metaspace       used 41718K, committed 42368K, reserved 1114112K
  class space    used 5181K, committed 5504K, reserved 1048576K
}
Event: 7.822 GC heap before
{Heap before GC invocations=25 (full 0):
 garbage-first heap   total 46080K, used 34837K [0x0000000083e00000, 0x0000000100000000)
  region size 1024K, 13 young (13312K), 2 survivors (2048K)
 Metaspace       used 43648K, committed 44288K, reserved 1114112K
  class space    used 5400K, committed 5696K, reserved 1048576K
}
Event: 7.825 GC heap after
{Heap after GC invocations=26 (full 0):
 garbage-first heap   total 46080K, used 24859K [0x0000000083e00000, 0x0000000100000000)
  region size 1024K, 1 young (1024K), 1 survivors (1024K)
 Metaspace       used 43648K, committed 44288K, reserved 1114112K
  class space    used 5400K, committed 5696K, reserved 1048576K
}
Event: 8.206 GC heap before
{Heap before GC invocations=26 (full 0):
 garbage-first heap   total 46080K, used 36123K [0x0000000083e00000, 0x0000000100000000)
  region size 1024K, 13 young (13312K), 1 survivors (1024K)
 Metaspace       used 46906K, committed 47552K, reserved 1114112K
  class space    used 5814K, committed 6144K, reserved 1048576K
}
Event: 8.209 GC heap after
{Heap after GC invocations=27 (full 0):
 garbage-first heap   total 55296K, used 25321K [0x0000000083e00000, 0x0000000100000000)
  region size 1024K, 2 young (2048K), 2 survivors (2048K)
 Metaspace       used 46906K, committed 47552K, reserved 1114112K
  class space    used 5814K, committed 6144K, reserved 1048576K
}
Event: 8.545 GC heap before
{Heap before GC invocations=28 (full 0):
 garbage-first heap   total 55296K, used 43753K [0x0000000083e00000, 0x0000000100000000)
  region size 1024K, 20 young (20480K), 2 survivors (2048K)
 Metaspace       used 47833K, committed 48512K, reserved 1114112K
  class space    used 5926K, committed 6272K, reserved 1048576K
}
Event: 8.548 GC heap after
{Heap after GC invocations=29 (full 0):
 garbage-first heap   total 55296K, used 26339K [0x0000000083e00000, 0x0000000100000000)
  region size 1024K, 3 young (3072K), 3 survivors (3072K)
 Metaspace       used 47833K, committed 48512K, reserved 1114112K
  class space    used 5926K, committed 6272K, reserved 1048576K
}
Event: 16.141 GC heap before
{Heap before GC invocations=29 (full 0):
 garbage-first heap   total 55296K, used 42723K [0x0000000083e00000, 0x0000000100000000)
  region size 1024K, 20 young (20480K), 3 survivors (3072K)
 Metaspace       used 49379K, committed 50048K, reserved 1114112K
  class space    used 6105K, committed 6400K, reserved 1048576K
}
Event: 16.145 GC heap after
{Heap after GC invocations=30 (full 0):
 garbage-first heap   total 55296K, used 27027K [0x0000000083e00000, 0x0000000100000000)
  region size 1024K, 3 young (3072K), 3 survivors (3072K)
 Metaspace       used 49379K, committed 50048K, reserved 1114112K
  class space    used 6105K, committed 6400K, reserved 1048576K
}
Event: 17.074 GC heap before
{Heap before GC invocations=30 (full 0):
 garbage-first heap   total 55296K, used 44435K [0x0000000083e00000, 0x0000000100000000)
  region size 1024K, 20 young (20480K), 3 survivors (3072K)
 Metaspace       used 50903K, committed 51584K, reserved 1114112K
  class space    used 6298K, committed 6656K, reserved 1048576K
}
Event: 17.078 GC heap after
{Heap after GC invocations=31 (full 0):
 garbage-first heap   total 55296K, used 28004K [0x0000000083e00000, 0x0000000100000000)
  region size 1024K, 2 young (2048K), 2 survivors (2048K)
 Metaspace       used 50903K, committed 51584K, reserved 1114112K
  class space    used 6298K, committed 6656K, reserved 1048576K
}
Event: 17.618 GC heap before
{Heap before GC invocations=32 (full 0):
 garbage-first heap   total 55296K, used 44388K [0x0000000083e00000, 0x0000000100000000)
  region size 1024K, 18 young (18432K), 2 survivors (2048K)
 Metaspace       used 52562K, committed 53312K, reserved 1114112K
  class space    used 6535K, committed 6912K, reserved 1048576K
}
Event: 17.623 GC heap after
{Heap after GC invocations=33 (full 0):
 garbage-first heap   total 55296K, used 29129K [0x0000000083e00000, 0x0000000100000000)
  region size 1024K, 3 young (3072K), 3 survivors (3072K)
 Metaspace       used 52562K, committed 53312K, reserved 1114112K
  class space    used 6535K, committed 6912K, reserved 1048576K
}
Event: 17.670 GC heap before
{Heap before GC invocations=33 (full 0):
 garbage-first heap   total 55296K, used 30153K [0x0000000083e00000, 0x0000000100000000)
  region size 1024K, 4 young (4096K), 3 survivors (3072K)
 Metaspace       used 52623K, committed 53312K, reserved 1114112K
  class space    used 6546K, committed 6912K, reserved 1048576K
}
Event: 17.675 GC heap after
{Heap after GC invocations=34 (full 0):
 garbage-first heap   total 55296K, used 28857K [0x0000000083e00000, 0x0000000100000000)
  region size 1024K, 1 young (1024K), 1 survivors (1024K)
 Metaspace       used 52623K, committed 53312K, reserved 1114112K
  class space    used 6546K, committed 6912K, reserved 1048576K
}
Event: 50.698 GC heap before
{Heap before GC invocations=34 (full 0):
 garbage-first heap   total 55296K, used 44217K [0x0000000083e00000, 0x0000000100000000)
  region size 1024K, 17 young (17408K), 1 survivors (1024K)
 Metaspace       used 53933K, committed 54656K, reserved 1114112K
  class space    used 6687K, committed 7040K, reserved 1048576K
}
Event: 50.701 GC heap after
{Heap after GC invocations=35 (full 0):
 garbage-first heap   total 55296K, used 29472K [0x0000000083e00000, 0x0000000100000000)
  region size 1024K, 1 young (1024K), 1 survivors (1024K)
 Metaspace       used 53933K, committed 54656K, reserved 1114112K
  class space    used 6687K, committed 7040K, reserved 1048576K
}

Deoptimization events (20 events):
Event: 50.705 Thread 0x000001b675ef4ef0 DEOPT PACKING pc=0x000001b65ac3c184 sp=0x00000067b9ffaf50
Event: 50.705 Thread 0x000001b675ef4ef0 DEOPT UNPACKING pc=0x000001b65a196763 sp=0x00000067b9ffa4f0 mode 1
Event: 50.705 Thread 0x000001b675ef4ef0 DEOPT PACKING pc=0x000001b65ac3aaac sp=0x00000067b9ffb0b0
Event: 50.705 Thread 0x000001b675ef4ef0 DEOPT UNPACKING pc=0x000001b65a196763 sp=0x00000067b9ffa650 mode 1
Event: 50.709 Thread 0x000001b675ef4ef0 DEOPT PACKING pc=0x000001b65ace5441 sp=0x00000067b9ffafa0
Event: 50.709 Thread 0x000001b675ef4ef0 DEOPT UNPACKING pc=0x000001b65a196763 sp=0x00000067b9ffa478 mode 1
Event: 50.709 Thread 0x000001b675ef4ef0 DEOPT PACKING pc=0x000001b65ac3c184 sp=0x00000067b9ffb030
Event: 50.709 Thread 0x000001b675ef4ef0 DEOPT UNPACKING pc=0x000001b65a196763 sp=0x00000067b9ffa5d0 mode 1
Event: 50.709 Thread 0x000001b675ef4ef0 DEOPT PACKING pc=0x000001b65ac3aaac sp=0x00000067b9ffb190
Event: 50.709 Thread 0x000001b675ef4ef0 DEOPT UNPACKING pc=0x000001b65a196763 sp=0x00000067b9ffa730 mode 1
Event: 50.720 Thread 0x000001b675ef4ef0 DEOPT PACKING pc=0x000001b65ace5441 sp=0x00000067b9ffa220
Event: 50.720 Thread 0x000001b675ef4ef0 DEOPT UNPACKING pc=0x000001b65a196763 sp=0x00000067b9ff96f8 mode 1
Event: 50.720 Thread 0x000001b675ef4ef0 DEOPT PACKING pc=0x000001b65ac3c184 sp=0x00000067b9ffa2b0
Event: 50.720 Thread 0x000001b675ef4ef0 DEOPT UNPACKING pc=0x000001b65a196763 sp=0x00000067b9ff9850 mode 1
Event: 50.720 Thread 0x000001b675ef4ef0 DEOPT PACKING pc=0x000001b65ac3aaac sp=0x00000067b9ffa410
Event: 50.720 Thread 0x000001b675ef4ef0 DEOPT UNPACKING pc=0x000001b65a196763 sp=0x00000067b9ff99b0 mode 1
Event: 122.895 Thread 0x000001b674e1c840 Uncommon trap: trap_request=0xffffff45 fr.pc=0x000001b661cfcc38 relative=0x0000000000000a78
Event: 122.895 Thread 0x000001b674e1c840 Uncommon trap: reason=unstable_if action=reinterpret pc=0x000001b661cfcc38 method=sun.instrument.InstrumentationImpl.transform(Ljava/lang/Module;Ljava/lang/ClassLoader;Ljava/lang/String;Ljava/lang/Class;Ljava/security/ProtectionDomain;[BZ)[B @ 24 c2
Event: 122.895 Thread 0x000001b674e1c840 DEOPT PACKING pc=0x000001b661cfcc38 sp=0x00000067b84fe1e0
Event: 122.896 Thread 0x000001b674e1c840 DEOPT UNPACKING pc=0x000001b65a195c23 sp=0x00000067b84fe2f8 mode 2

Classes loaded (20 events):
Event: 17.221 Loading class java/util/concurrent/ConcurrentHashMap$KeySpliterator
Event: 17.223 Loading class java/util/concurrent/ConcurrentHashMap$KeySpliterator done
Event: 17.369 Loading class org/w3c/dom/Node
Event: 17.369 Loading class org/w3c/dom/Node done
Event: 17.369 Loading class org/w3c/dom/Document
Event: 17.370 Loading class org/w3c/dom/Document done
Event: 17.605 Loading class java/util/package-info
Event: 17.605 Loading class java/util/package-info done
Event: 17.651 Loading class java/text/ParsePosition
Event: 17.652 Loading class java/text/ParsePosition done
Event: 17.748 Loading class sun/reflect/generics/reflectiveObjects/GenericArrayTypeImpl
Event: 17.748 Loading class sun/reflect/generics/reflectiveObjects/GenericArrayTypeImpl done
Event: 17.753 Loading class java/time/Instant$1
Event: 17.754 Loading class java/time/Instant$1 done
Event: 39.074 Loading class java/io/PushbackInputStream
Event: 39.074 Loading class java/io/PushbackInputStream done
Event: 49.620 Loading class java/util/TimerTask
Event: 49.621 Loading class java/util/TimerTask done
Event: 50.727 Loading class com/sun/crypto/provider/HmacCore$HmacSHA256
Event: 50.728 Loading class com/sun/crypto/provider/HmacCore$HmacSHA256 done

Classes unloaded (2 events):
Event: 7.228 Thread 0x000001b670847b70 Unloading class 0x0000000801070000 'jdk/internal/reflect/GeneratedSerializationConstructorAccessor2'
Event: 7.228 Thread 0x000001b670847b70 Unloading class 0x0000000801056000 'jdk/internal/reflect/GeneratedSerializationConstructorAccessor1'

Classes redefined (0 events):
No events

Internal exceptions (20 events):
Event: 7.178 Thread 0x000001b675a21150 Exception <a 'java/lang/NoSuchMethodError'{0x0000000085db04a0}: 'int java.lang.invoke.DirectMethodHandle$Holder.invokeStaticInit(java.lang.Object, java.lang.Object, java.lang.Object, java.lang.Object)'> (0x0000000085db04a0) 
thrown [s\open\src\hotspot\share\interpreter\linkResolver.cpp, line 766]
Event: 7.288 Thread 0x000001b675a21150 Exception <a 'java/lang/NoSuchMethodError'{0x0000000087a257f0}: 'java.lang.Object java.lang.invoke.DirectMethodHandle$Holder.invokeVirtual(java.lang.Object, java.lang.Object, java.lang.Object, java.lang.Object, java.lang.Object, java.lang.Object, java.lang.Object, java.lang.Object, java.lang.Object)'> (0x0000000087a257f0) 
thrown [s\open\src\hotspot\share\interpreter\linkResolver.cpp, line 766]
Event: 7.343 Thread 0x000001b675a21150 Exception <a 'java/lang/NoSuchMethodError'{0x0000000086289868}: 'java.lang.Object java.lang.invoke.DirectMethodHandle$Holder.invokeVirtual(java.lang.Object, java.lang.Object, java.lang.Object, java.lang.Object, java.lang.Object, java.lang.Object, java.lang.Object, java.lang.Object, java.lang.Object, java.lang.Object)'> (0x0000000086289868) 
thrown [s\open\src\hotspot\share\interpreter\linkResolver.cpp, line 766]
Event: 7.344 Thread 0x000001b675a21150 Exception <a 'java/lang/NoSuchMethodError'{0x000000008628df48}: 'java.lang.Object java.lang.invoke.DirectMethodHandle$Holder.invokeSpecial(java.lang.Object, java.lang.Object, java.lang.Object, java.lang.Object, java.lang.Object, java.lang.Object, java.lang.Object, java.lang.Object, java.lang.Object, java.lang.Object, java.lang.Object)'> (0x000000008628df48) 
thrown [s\open\src\hotspot\share\interpreter\linkResolver.cpp, line 766]
Event: 7.442 Thread 0x000001b675a21150 Exception <a 'java/lang/IncompatibleClassChangeError'{0x0000000085ddb520}: Found class java.lang.Object, but interface was expected> (0x0000000085ddb520) 
thrown [s\open\src\hotspot\share\interpreter\linkResolver.cpp, line 833]
Event: 7.985 Thread 0x000001b675a21150 Implicit null exception at 0x000001b661cbeedd to 0x000001b661cbef94
Event: 8.140 Thread 0x000001b675a21150 Exception <a 'java/lang/NoSuchMethodError'{0x0000000086150950}: 'java.lang.Object java.lang.invoke.DirectMethodHandle$Holder.invokeStaticInit(java.lang.Object, java.lang.Object, java.lang.Object, java.lang.Object)'> (0x0000000086150950) 
thrown [s\open\src\hotspot\share\interpreter\linkResolver.cpp, line 766]
Event: 8.204 Thread 0x000001b675a21150 Exception <a 'java/lang/IncompatibleClassChangeError'{0x0000000085ede5e0}: Found class java.lang.Object, but interface was expected> (0x0000000085ede5e0) 
thrown [s\open\src\hotspot\share\interpreter\linkResolver.cpp, line 833]
Event: 8.280 Thread 0x000001b675a21150 Exception <a 'java/lang/NoSuchMethodError'{0x000000008bb7cfe8}: 'java.lang.Object java.lang.invoke.DirectMethodHandle$Holder.newInvokeSpecial(java.lang.Object, java.lang.Object, java.lang.Object, int, int)'> (0x000000008bb7cfe8) 
thrown [s\open\src\hotspot\share\interpreter\linkResolver.cpp, line 766]
Event: 8.320 Thread 0x000001b675a21150 Exception <a 'java/lang/IncompatibleClassChangeError'{0x0000000087c55058}: Found class java.lang.Object, but interface was expected> (0x0000000087c55058) 
thrown [s\open\src\hotspot\share\interpreter\linkResolver.cpp, line 833]
Event: 8.356 Thread 0x000001b675a21150 Exception <a 'java/lang/IncompatibleClassChangeError'{0x000000008780dea8}: Found class java.lang.Object, but interface was expected> (0x000000008780dea8) 
thrown [s\open\src\hotspot\share\interpreter\linkResolver.cpp, line 833]
Event: 8.559 Thread 0x000001b675a21150 Exception <a 'java/lang/NoSuchMethodError'{0x000000008bb3f9a0}: 'java.lang.Object java.lang.invoke.DirectMethodHandle$Holder.newInvokeSpecial(java.lang.Object, java.lang.Object, int, java.lang.Object, java.lang.Object)'> (0x000000008bb3f9a0) 
thrown [s\open\src\hotspot\share\interpreter\linkResolver.cpp, line 766]
Event: 8.560 Thread 0x000001b675a21150 Exception <a 'java/lang/NoSuchMethodError'{0x000000008bb4b020}: 'java.lang.Object java.lang.invoke.DirectMethodHandle$Holder.invokeSpecial(java.lang.Object, java.lang.Object, int, java.lang.Object, int, java.lang.Object)'> (0x000000008bb4b020) 
thrown [s\open\src\hotspot\share\interpreter\linkResolver.cpp, line 766]
Event: 8.560 Thread 0x000001b675a21150 Exception <a 'java/lang/NoSuchMethodError'{0x000000008bb530d0}: 'java.lang.Object java.lang.invoke.DirectMethodHandle$Holder.newInvokeSpecial(java.lang.Object, java.lang.Object, int, java.lang.Object, int)'> (0x000000008bb530d0) 
thrown [s\open\src\hotspot\share\interpreter\linkResolver.cpp, line 766]
Event: 8.561 Thread 0x000001b675a21150 Exception <a 'java/lang/NoSuchMethodError'{0x000000008bb571d8}: 'java.lang.Object java.lang.invoke.DirectMethodHandle$Holder.invokeSpecial(java.lang.Object, java.lang.Object, java.lang.Object, int, java.lang.Object, int)'> (0x000000008bb571d8) 
thrown [s\open\src\hotspot\share\interpreter\linkResolver.cpp, line 766]
Event: 16.082 Thread 0x000001b675eee9e0 Exception <a 'java/lang/NoSuchMethodError'{0x00000000867c3190}: 'java.lang.Object java.lang.invoke.DirectMethodHandle$Holder.invokeSpecial(java.lang.Object, java.lang.Object, java.lang.Object, java.lang.Object, java.lang.Object, long)'> (0x00000000867c3190) 
thrown [s\open\src\hotspot\share\interpreter\linkResolver.cpp, line 766]
Event: 16.082 Thread 0x000001b675eee9e0 Exception <a 'java/lang/NoSuchMethodError'{0x00000000867c6bd8}: 'java.lang.Object java.lang.invoke.Invokers$Holder.linkToTargetMethod(java.lang.Object, java.lang.Object, java.lang.Object, long, java.lang.Object)'> (0x00000000867c6bd8) 
thrown [s\open\src\hotspot\share\interpreter\linkResolver.cpp, line 766]
Event: 16.158 Thread 0x000001b675eee9e0 Exception <a 'java/lang/NoSuchMethodError'{0x0000000087d04718}: 'java.lang.Object java.lang.invoke.DirectMethodHandle$Holder.invokeStatic(java.lang.Object, int, int)'> (0x0000000087d04718) 
thrown [s\open\src\hotspot\share\interpreter\linkResolver.cpp, line 766]
Event: 17.177 Thread 0x000001b675ef0b90 Implicit null exception at 0x000001b661f2d1ee to 0x000001b661f2d2a0
Event: 17.765 Thread 0x000001b675ef0b90 Implicit null exception at 0x000001b661dad952 to 0x000001b661dadb34

VM Operations (20 events):
Event: 50.106 Executing VM operation: get/set locals done
Event: 50.107 Executing VM operation: get/set locals
Event: 50.107 Executing VM operation: get/set locals done
Event: 50.108 Executing VM operation: get/set locals
Event: 50.108 Executing VM operation: get/set locals done
Event: 50.108 Executing VM operation: get/set locals
Event: 50.108 Executing VM operation: get/set locals done
Event: 50.109 Executing VM operation: get/set locals
Event: 50.109 Executing VM operation: get/set locals done
Event: 50.698 Executing VM operation: G1CollectForAllocation
Event: 50.701 Executing VM operation: G1CollectForAllocation done
Event: 50.733 Executing VM operation: G1Concurrent
Event: 50.737 Executing VM operation: G1Concurrent done
Event: 50.753 Executing VM operation: G1Concurrent
Event: 50.754 Executing VM operation: G1Concurrent done
Event: 69.895 Executing VM operation: Cleanup
Event: 69.895 Executing VM operation: Cleanup done
Event: 89.068 Executing VM operation: Cleanup
Event: 89.068 Executing VM operation: Cleanup done
Event: 122.897 Executing VM operation: RedefineClasses

Events (20 events):
Event: 8.577 Thread 0x000001b675ef0b90 Thread added: 0x000001b675ef0b90
Event: 8.577 Thread 0x000001b675ef06c0 Thread added: 0x000001b675ef06c0
Event: 8.577 Thread 0x000001b675ef3bb0 Thread added: 0x000001b675ef3bb0
Event: 8.697 Thread 0x000001b675ef4550 Thread added: 0x000001b675ef4550
Event: 8.703 Thread 0x000001b675ef53c0 Thread added: 0x000001b675ef53c0
Event: 8.746 Thread 0x000001b675a21150 Thread exited: 0x000001b675a21150
Event: 8.799 Thread 0x000001b675d6b550 Thread exited: 0x000001b675d6b550
Event: 9.514 Thread 0x000001b679719ba0 Thread exited: 0x000001b679719ba0
Event: 11.912 Thread 0x000001b65281e540 Thread exited: 0x000001b65281e540
Event: 11.912 Thread 0x000001b675ef4a20 Thread added: 0x000001b675ef4a20
Event: 13.808 Thread 0x000001b675ef1060 Thread exited: 0x000001b675ef1060
Event: 17.032 Thread 0x000001b675cfcc40 Thread added: 0x000001b675cfcc40
Event: 17.033 Thread 0x000001b675cfd5e0 Thread added: 0x000001b675cfd5e0
Event: 17.078 Thread 0x000001b670887fd0 flushing nmethod 0x000001b661de4190
Event: 17.083 Thread 0x000001b670887fd0 flushing nmethod 0x000001b65ac1e390
Event: 50.720 Thread 0x000001b6766f0c40 Thread added: 0x000001b6766f0c40
Event: 50.727 Thread 0x000001b6766f1150 Thread added: 0x000001b6766f1150
Event: 51.715 Thread 0x000001b6766f1150 Thread exited: 0x000001b6766f1150
Event: 51.715 Thread 0x000001b6766f0c40 Thread exited: 0x000001b6766f0c40
Event: 77.036 Thread 0x000001b675cfd5e0 Thread exited: 0x000001b675cfd5e0


Dynamic libraries:
0x00007ff68b0d0000 - 0x00007ff68b0e0000 	C:\Program Files\Java\jdk-18.0.1.1\bin\javaw.exe
0x00007ffe91930000 - 0x00007ffe91b44000 	C:\WINDOWS\SYSTEM32\ntdll.dll
0x00007ffe90ca0000 - 0x00007ffe90d64000 	C:\WINDOWS\System32\KERNEL32.DLL
0x00007ffe8f0f0000 - 0x00007ffe8f494000 	C:\WINDOWS\System32\KERNELBASE.dll
0x00007ffe8efd0000 - 0x00007ffe8f0e1000 	C:\WINDOWS\System32\ucrtbase.dll
0x00007ffe89e30000 - 0x00007ffe89e48000 	C:\Program Files\Java\jdk-18.0.1.1\bin\jli.dll
0x00007ffe71140000 - 0x00007ffe7115a000 	C:\Program Files\Java\jdk-18.0.1.1\bin\VCRUNTIME140.dll
0x00007ffe90d80000 - 0x00007ffe90e30000 	C:\WINDOWS\System32\ADVAPI32.dll
0x00007ffe90a20000 - 0x00007ffe90ac7000 	C:\WINDOWS\System32\msvcrt.dll
0x00007ffe90970000 - 0x00007ffe90a16000 	C:\WINDOWS\System32\sechost.dll
0x00007ffe91660000 - 0x00007ffe91777000 	C:\WINDOWS\System32\RPCRT4.dll
0x00007ffe8f7f0000 - 0x00007ffe8f99a000 	C:\WINDOWS\System32\USER32.dll
0x00007ffe8ee80000 - 0x00007ffe8eea6000 	C:\WINDOWS\System32\win32u.dll
0x00007ffe91030000 - 0x00007ffe91059000 	C:\WINDOWS\System32\GDI32.dll
0x00007ffe6f4e0000 - 0x00007ffe6f76f000 	C:\WINDOWS\WinSxS\amd64_microsoft.windows.common-controls_6595b64144ccf1df_6.0.22621.2070_none_2713e6537381f706\COMCTL32.dll
0x00007ffe8eeb0000 - 0x00007ffe8efc9000 	C:\WINDOWS\System32\gdi32full.dll
0x00007ffe8f650000 - 0x00007ffe8f6ea000 	C:\WINDOWS\System32\msvcp_win.dll
0x00007ffe865e0000 - 0x00007ffe865ea000 	C:\WINDOWS\SYSTEM32\VERSION.dll
0x00007ffe91860000 - 0x00007ffe91891000 	C:\WINDOWS\System32\IMM32.DLL
0x00007ffe87b40000 - 0x00007ffe87b4c000 	C:\Program Files\Java\jdk-18.0.1.1\bin\vcruntime140_1.dll
0x00007ffe64b80000 - 0x00007ffe64c0d000 	C:\Program Files\Java\jdk-18.0.1.1\bin\msvcp140.dll
0x00007ffe1ce60000 - 0x00007ffe1da70000 	C:\Program Files\Java\jdk-18.0.1.1\bin\server\jvm.dll
0x00007ffe90d70000 - 0x00007ffe90d78000 	C:\WINDOWS\System32\PSAPI.DLL
0x00007ffe86350000 - 0x00007ffe86359000 	C:\WINDOWS\SYSTEM32\WSOCK32.dll
0x00007ffe862d0000 - 0x00007ffe86304000 	C:\WINDOWS\SYSTEM32\WINMM.dll
0x00007ffe90f40000 - 0x00007ffe90fb1000 	C:\WINDOWS\System32\WS2_32.dll
0x00007ffe8ddc0000 - 0x00007ffe8ddd8000 	C:\WINDOWS\SYSTEM32\kernel.appcore.dll
0x00007ffe733e0000 - 0x00007ffe733ea000 	C:\Program Files\Java\jdk-18.0.1.1\bin\jimage.dll
0x00007ffe8c560000 - 0x00007ffe8c78e000 	C:\WINDOWS\SYSTEM32\DBGHELP.DLL
0x00007ffe912b0000 - 0x00007ffe9163a000 	C:\WINDOWS\System32\combase.dll
0x00007ffe8f700000 - 0x00007ffe8f7d7000 	C:\WINDOWS\System32\OLEAUT32.dll
0x00007ffe6ce80000 - 0x00007ffe6ceb2000 	C:\WINDOWS\SYSTEM32\dbgcore.DLL
0x00007ffe8f510000 - 0x00007ffe8f58a000 	C:\WINDOWS\System32\bcryptPrimitives.dll
0x00007ffe64510000 - 0x00007ffe6454b000 	C:\Program Files\Java\jdk-18.0.1.1\bin\jdwp.dll
0x00007ffe87b70000 - 0x00007ffe87b7e000 	C:\Program Files\Java\jdk-18.0.1.1\bin\instrument.dll
0x00007ffe6ee30000 - 0x00007ffe6ee55000 	C:\Program Files\Java\jdk-18.0.1.1\bin\java.dll
0x00007ffe2f510000 - 0x00007ffe2f5e6000 	C:\Program Files\Java\jdk-18.0.1.1\bin\jsvml.dll
0x00007ffe90150000 - 0x00007ffe90966000 	C:\WINDOWS\System32\SHELL32.dll
0x00007ffe8cc90000 - 0x00007ffe8d57a000 	C:\WINDOWS\SYSTEM32\windows.storage.dll
0x00007ffe8cb50000 - 0x00007ffe8cc8e000 	C:\WINDOWS\SYSTEM32\wintypes.dll
0x00007ffe8f9a0000 - 0x00007ffe8fa93000 	C:\WINDOWS\System32\SHCORE.dll
0x00007ffe91800000 - 0x00007ffe9185e000 	C:\WINDOWS\System32\shlwapi.dll
0x00007ffe8ec40000 - 0x00007ffe8ec66000 	C:\WINDOWS\SYSTEM32\profapi.dll
0x00007ffe87b60000 - 0x00007ffe87b6c000 	C:\Program Files\Java\jdk-18.0.1.1\bin\dt_socket.dll
0x00007ffe8d830000 - 0x00007ffe8d85d000 	C:\WINDOWS\SYSTEM32\IPHLPAPI.DLL
0x00007ffe8e250000 - 0x00007ffe8e2b9000 	C:\WINDOWS\system32\mswsock.dll
0x00007ffe8d860000 - 0x00007ffe8d953000 	C:\WINDOWS\SYSTEM32\DNSAPI.dll
0x00007ffe90c90000 - 0x00007ffe90c99000 	C:\WINDOWS\System32\NSI.dll
0x00007ffe839f0000 - 0x00007ffe839fa000 	C:\Windows\System32\rasadhlp.dll
0x00007ffe7f2a0000 - 0x00007ffe7f324000 	C:\WINDOWS\System32\fwpuclnt.dll
0x00007ffe629f0000 - 0x00007ffe62a08000 	C:\Program Files\Java\jdk-18.0.1.1\bin\zip.dll
0x00007ffe6f790000 - 0x00007ffe6f7a3000 	C:\Program Files\Java\jdk-18.0.1.1\bin\net.dll
0x00007ffe89400000 - 0x00007ffe89537000 	C:\WINDOWS\SYSTEM32\WINHTTP.dll
0x00007ffe62a10000 - 0x00007ffe62a26000 	C:\Program Files\Java\jdk-18.0.1.1\bin\nio.dll
0x00007ffe733d0000 - 0x00007ffe733e0000 	C:\Program Files\Java\jdk-18.0.1.1\bin\verify.dll
0x00007ffe89d20000 - 0x00007ffe89d29000 	C:\Program Files\Java\jdk-18.0.1.1\bin\management.dll
0x00007ffe6f050000 - 0x00007ffe6f05b000 	C:\Program Files\Java\jdk-18.0.1.1\bin\management_ext.dll
0x00007ffe8e520000 - 0x00007ffe8e53b000 	C:\WINDOWS\SYSTEM32\CRYPTSP.dll
0x00007ffe8dcc0000 - 0x00007ffe8dcf5000 	C:\WINDOWS\system32\rsaenh.dll
0x00007ffe8e3b0000 - 0x00007ffe8e3dc000 	C:\WINDOWS\SYSTEM32\USERENV.dll
0x00007ffe8e6d0000 - 0x00007ffe8e6f8000 	C:\WINDOWS\SYSTEM32\bcrypt.dll
0x00007ffe8e510000 - 0x00007ffe8e51c000 	C:\WINDOWS\SYSTEM32\CRYPTBASE.dll
0x00007ffe865f0000 - 0x00007ffe86609000 	C:\WINDOWS\SYSTEM32\dhcpcsvc6.DLL
0x00007ffe862b0000 - 0x00007ffe862cf000 	C:\WINDOWS\SYSTEM32\dhcpcsvc.DLL
0x00007ffe6ee20000 - 0x00007ffe6ee2e000 	C:\Program Files\Java\jdk-18.0.1.1\bin\sunmscapi.dll
0x00007ffe8ed10000 - 0x00007ffe8ee77000 	C:\WINDOWS\System32\CRYPT32.dll
0x00007ffe8e6a0000 - 0x00007ffe8e6ce000 	C:\WINDOWS\SYSTEM32\ncrypt.dll
0x00007ffe8e660000 - 0x00007ffe8e697000 	C:\WINDOWS\SYSTEM32\NTASN1.dll

dbghelp: loaded successfully - version: 4.0.5 - missing functions: none
symbol engine: initialized successfully - sym options: 0x614 - pdb path: .;C:\Program Files\Java\jdk-18.0.1.1\bin;C:\WINDOWS\SYSTEM32;C:\WINDOWS\WinSxS\amd64_microsoft.windows.common-controls_6595b64144ccf1df_6.0.22621.2070_none_2713e6537381f706;C:\Program Files\Java\jdk-18.0.1.1\bin\server

VM Arguments:
jvm_args: -XX:+ShowCodeDetailsInExceptionMessages -agentlib:jdwp=transport=dt_socket,suspend=y,address=localhost:65499 -javaagent:C:\Users\varun\eclipse\jee-2022-06\eclipse\configuration\org.eclipse.osgi\407\0\.cp\lib\javaagent-shaded.jar -Dfile.encoding=UTF-8 
java_command: com.webline.socialmedia.SocialmediaApplication
java_class_path (initial): D:\Personal\Job\Projects\Webline_Social_Media\socialmedia\target\classes;C:\Users\varun\.m2\repository\org\springframework\boot\spring-boot-starter-data-jdbc\3.1.2\spring-boot-starter-data-jdbc-3.1.2.jar;C:\Users\varun\.m2\repository\org\springframework\boot\spring-boot-starter-jdbc\3.1.2\spring-boot-starter-jdbc-3.1.2.jar;C:\Users\varun\.m2\repository\com\zaxxer\HikariCP\5.0.1\HikariCP-5.0.1.jar;C:\Users\varun\.m2\repository\org\springframework\spring-jdbc\6.0.11\spring-jdbc-6.0.11.jar;C:\Users\varun\.m2\repository\org\springframework\data\spring-data-jdbc\3.1.2\spring-data-jdbc-3.1.2.jar;C:\Users\varun\.m2\repository\org\springframework\data\spring-data-relational\3.1.2\spring-data-relational-3.1.2.jar;C:\Users\varun\.m2\repository\org\springframework\data\spring-data-commons\3.1.2\spring-data-commons-3.1.2.jar;C:\Users\varun\.m2\repository\org\springframework\spring-tx\6.0.11\spring-tx-6.0.11.jar;C:\Users\varun\.m2\repository\org\springframework\spring-context\6.0.11\spring-context-6.0.11.jar;C:\Users\varun\.m2\repository\org\springframework\spring-beans\6.0.11\spring-beans-6.0.11.jar;C:\Users\varun\.m2\repository\org\springframework\boot\spring-boot-starter-security\3.1.2\spring-boot-starter-security-3.1.2.jar;C:\Users\varun\.m2\repository\org\springframework\boot\spring-boot-starter\3.1.2\spring-boot-starter-3.1.2.jar;C:\Users\varun\.m2\repository\org\springframework\boot\spring-boot-starter-logging\3.1.2\spring-boot-starter-logging-3.1.2.jar;C:\Users\varun\.m2\repository\ch\qos\logback\logback-classic\1.4.8\logback-classic-1.4.8.jar;C:\Users\varun\.m2\repository\ch\qos\logback\logback-core\1.4.8\logback-core-1.4.8.jar;C:\Users\varun\.m2\repository\org\apache\logging\log4j\log4j-to-slf4j\2.20.0\log4j-to-slf4j-2.20.0.jar;C:\Users\varun\.m2\repository\org\apache\logging\log4j\log4j-api\2.20.0\log4j-api-2.20.0.jar;C:\Users\varun\.m2\repository\org\slf4j\jul-to-slf4j\2.0.7\jul-to-slf4j-2.0.7.jar;C:\Users\varun\.m2\repository\jakarta\annotation\jakarta.annotation-api\2.1.1\jakarta.annotation-api-2.1.1.jar;C:\Users\varun\.m2\repository\org\yaml\snakeyaml\1.33\snakeyaml-1.33.jar;C:\Users\varun\.m2\repository\org\springframework\spring-aop\6.0.11\spring-aop-6.0.11.jar;C:\Users\varun\.m2\repository\org\springframework\security\spring-security-config\6.1.2\spring-security-config-6.1.2.jar;C:\Users\varun\.m2\repository\org\springframework\security\spring-security-web\6.1.2\spring-security-web-6.1.2.jar;C:\Users\varun\.m2\repository\org\springframework\spring-expression\6.0.11\spring-expression-6.0.11.jar;C:\Users\varun\.m2\repository\org\springframework\boot\spring-boot-starter-thymeleaf\3.1.2\spring-boot-starter-thymeleaf-3.1.2.jar;C:\Users\varun\.m2\repository\org\thymeleaf\thymeleaf-spring6\3.1.1.RELEASE\thymeleaf-spring6-3.1.1.RELEASE.jar;C:\Users\varun\.m2\repository\org\thymeleaf\thymeleaf\3.1.1.RELEASE\thymeleaf-3.1.1.RELEASE.jar;C:\Users\varun\.m2\repository\org\attoparser\attoparser\2.0.6.RELEASE\attoparser-2.0.6.RELEASE.jar;C:\Users\varun\.m2\repository\org\unbescape\unbescape\1.1.6.RELEASE\unbescape-1.1.6.RELEASE.jar;C:\Users\varun\.m2\repository\org\springframework\boot\spring-boot-starter-web\3.1.2\spring-boot-starter-web-3.1.2.jar;C:\Users\varun\.m2\repository\org\springframework\boot\spring-boot-starter-json\3.1.2\spring-boot-starter-json-3.1.2.jar;C:\Users\varun\.m2\repository\com\fasterxml\jackson\datatype\jackson-datatype-jdk8\2.15.2\jackson-datatype-jdk8-2.15.2.jar;C:\Users\varun\.m2\repository\com\fasterxml\jackson\datatype\jackson-datatype-jsr310\2.15.2\jackson-datatype-jsr310-2.15.2.jar;C:\Users\varun\.m2\repository\com\fasterxml\jackson\module\jackson-module-parameter-names\2.15.2\jackson-module-parameter-names-2.15.2.jar;C:\Users\varun\.m2\repository\org\springframework\boot\spring-boot-starter-tomcat\3.1.2\spring-boot-starter-tomcat-3.1.2.jar;C:\Users\varun\.m2\repository\org\apache\tomcat\embed\tomcat-embed-core\10.1.11\tomcat-embed-core-10.1.11.jar;C:\Users\varun\.m2\repository\org\apache\tomcat\embed\tomcat-embed-websocket\10.1.11\tomcat-embed-websocket-10.1.11.jar;C:\Users\varun\.m2\repository\org\springframework\spring-web\6.0.11\spring-web-6.0.11.jar;C:\Users\varun\.m2\repository\io\micrometer\micrometer-observation\1.11.2\micrometer-observation-1.11.2.jar;C:\Users\varun\.m2\repository\io\micrometer\micrometer-commons\1.11.2\micrometer-commons-1.11.2.jar;C:\Users\varun\.m2\repository\org\springframework\spring-webmvc\6.0.11\spring-webmvc-6.0.11.jar;C:\Users\varun\.m2\repository\org\thymeleaf\extras\thymeleaf-extras-springsecurity6\3.1.1.RELEASE\thymeleaf-extras-springsecurity6-3.1.1.RELEASE.jar;C:\Users\varun\.m2\repository\org\slf4j\slf4j-api\2.0.7\slf4j-api-2.0.7.jar;C:\Users\varun\.m2\repository\org\springframework\boot\spring-boot-devtools\3.1.2\spring-boot-devtools-3.1.2.jar;C:\Users\varun\.m2\repository\org\springframework\boot\spring-boot\3.1.2\spring-boot-3.1.2.jar;C:\Users\varun\.m2\repository\org\springframework\boot\spring-boot-autoconfigure\3.1.2\spring-boot-autoconfigure-3.1.2.jar;C:\Users\varun\.m2\repository\com\mysql\mysql-connector-j\8.0.33\mysql-connector-j-8.0.33.jar;C:\Users\varun\.m2\repository\jakarta\xml\bind\jakarta.xml.bind-api\4.0.0\jakarta.xml.bind-api-4.0.0.jar;C:\Users\varun\.m2\repository\jakarta\activation\jakarta.activation-api\2.1.2\jakarta.activation-api-2.1.2.jar;C:\Users\varun\.m2\repository\org\springframework\spring-core\6.0.11\spring-core-6.0.11.jar;C:\Users\varun\.m2\repository\org\springframework\spring-jcl\6.0.11\spring-jcl-6.0.11.jar;C:\Users\varun\.m2\repository\org\springframework\security\spring-security-core\6.1.2\spring-security-core-6.1.2.jar;C:\Users\varun\.m2\repository\org\springframework\security\spring-security-crypto\6.1.2\spring-security-crypto-6.1.2.jar;C:\Users\varun\.m2\repository\com\google\code\gson\gson\2.10.1\gson-2.10.1.jar;C:\Users\varun\.m2\repository\io\jsonwebtoken\jjwt-api\0.11.5\jjwt-api-0.11.5.jar;C:\Users\varun\.m2\repository\io\jsonwebtoken\jjwt-impl\0.11.5\jjwt-impl-0.11.5.jar;C:\Users\varun\.m2\repository\io\jsonwebtoken\jjwt-jackson\0.11.5\jjwt-jackson-0.11.5.jar;C:\Users\varun\.m2\repository\com\fasterxml\jackson\core\jackson-databind\2.15.2\jackson-databind-2.15.2.jar;C:\Users\varun\.m2\repository\com\fasterxml\jackson\core\jackson-annotations\2.15.2\jackson-annotations-2.15.2.jar;C:\Users\varun\.m2\repository\com\fasterxml\jackson\core\jackson-core\2.15.2\jackson-core-2.15.2.jar;C:\Users\varun\.m2\repository\org\springdoc\springdoc-openapi-starter-webmvc-ui\2.2.0\springdoc-openapi-starter-webmvc-ui-2.2.0.jar;C:\Users\varun\.m2\repository\org\springdoc\springdoc-openapi-starter-webmvc-api\2.2.0\springdoc-openapi-starter-webmvc-api-2.2.0.jar;C:\Users\varun\.m2\repository\org\springdoc\springdoc-openapi-starter-common\2.2.0\springdoc-openapi-starter-common-2.2.0.jar;C:\Users\varun\.m2\repository\io\swagger\core\v3\swagger-core-jakarta\2.2.15\swagger-core-jakarta-2.2.15.jar;C:\Users\varun\.m2\repository\org\apache\commons\commons-lang3\3.12.0\commons-lang3-3.12.0.jar;C:\Users\varun\.m2\repository\io\swagger\core\v3\swagger-annotations-jakarta\2.2.15\swagger-annotations-jakarta-2.2.15.jar;C:\Users\varun\.m2\repository\io\swagger\core\v3\swagger-models-jakarta\2.2.15\swagger-models-jakarta-2.2.15.jar;C:\Users\varun\.m2\repository\com\fasterxml\jackson\dataformat\jackson-dataformat-yaml\2.15.2\jackson-dataformat-yaml-2.15.2.jar;C:\Users\varun\.m2\repository\org\webjars\swagger-ui\5.2.0\swagger-ui-5.2.0.jar;C:\Users\varun\.m2\repository\org\springframework\boot\spring-boot-starter-validation\3.1.2\spring-boot-starter-validation-3.1.2.jar;C:\Users\varun\.m2\repository\org\apache\tomcat\embed\tomcat-embed-el\10.1.11\tomcat-embed-el-10.1.11.jar;C:\Users\varun\.m2\repository\org\hibernate\validator\hibernate-validator\8.0.1.Final\hibernate-validator-8.0.1.Final.jar;C:\Users\varun\.m2\repository\jakarta\validation\jakarta.validation-api\3.0.2\jakarta.validation-api-3.0.2.jar;C:\Users\varun\.m2\repository\org\jboss\logging\jboss-logging\3.5.3.Final\jboss-logging-3.5.3.Final.jar;C:\Users\varun\.m2\repository\com\fasterxml\classmate\1.5.1\classmate-1.5.1.jar
Launcher Type: SUN_STANDARD

[Global flags]
     intx CICompilerCount                          = 4                                         {product} {ergonomic}
     uint ConcGCThreads                            = 2                                         {product} {ergonomic}
     uint G1ConcRefinementThreads                  = 8                                         {product} {ergonomic}
   size_t G1HeapRegionSize                         = 1048576                                   {product} {ergonomic}
    uintx GCDrainStackTargetSize                   = 64                                        {product} {ergonomic}
   size_t InitialHeapSize                          = 132120576                                 {product} {ergonomic}
   size_t MarkStackSize                            = 4194304                                   {product} {ergonomic}
   size_t MaxHeapSize                              = 2082471936                                {product} {ergonomic}
   size_t MaxNewSize                               = 1248854016                                {product} {ergonomic}
   size_t MinHeapDeltaBytes                        = 1048576                                   {product} {ergonomic}
   size_t MinHeapSize                              = 8388608                                   {product} {ergonomic}
    uintx NonNMethodCodeHeapSize                   = 5839372                                {pd product} {ergonomic}
    uintx NonProfiledCodeHeapSize                  = 122909434                              {pd product} {ergonomic}
    uintx ProfiledCodeHeapSize                     = 122909434                              {pd product} {ergonomic}
    uintx ReservedCodeCacheSize                    = 251658240                              {pd product} {ergonomic}
     bool SegmentedCodeCache                       = true                                      {product} {ergonomic}
     bool ShowCodeDetailsInExceptionMessages       = true                                   {manageable} {command line}
   size_t SoftMaxHeapSize                          = 2082471936                             {manageable} {ergonomic}
     bool UseCompressedClassPointers               = true                           {product lp64_product} {ergonomic}
     bool UseCompressedOops                        = true                           {product lp64_product} {ergonomic}
     bool UseG1GC                                  = true                                      {product} {ergonomic}
     bool UseLargePagesIndividualAllocation        = false                                  {pd product} {ergonomic}

Logging:
Log output configuration:
 #0: stdout all=warning uptime,level,tags foldmultilines=false
 #1: stderr all=off uptime,level,tags foldmultilines=false

Environment Variables:
PATH=C:/Program Files/Java/jdk-18.0.1.1/bin/server;C:/Program Files/Java/jdk-18.0.1.1/bin;C:\Python311\Scripts\;C:\Python311\;C:\Program Files\Common Files\Oracle\Java\javapath;C:\WINDOWS\system32;C:\WINDOWS;C:\WINDOWS\System32\Wbem;C:\WINDOWS\System32\WindowsPowerShell\v1.0\;C:\WINDOWS\System32\OpenSSH\;C:\Program Files\Java\jdk-18.0.1.1\bin;C:\ProgramData\chocolatey\bin;C:\Program Files\nodejs\;C:\Program Files\MySQL\MySQL Shell 8.0\bin\;C:\Users\varun\AppData\Local\Microsoft\WindowsApps;;C:\Program Files\JetBrains\IntelliJ IDEA Community Edition 2022.1.2\bin;;C:\Users\varun\AppData\Roaming\npm;C:\Users\varun\AppData\Local\Programs\Microsoft VS Code\bin;C:\Users\varun\Desktop;
USERNAME=varun
OS=Windows_NT
PROCESSOR_IDENTIFIER=Intel64 Family 6 Model 140 Stepping 2, GenuineIntel



---------------  S Y S T E M  ---------------

OS:
 Windows 11 , 64 bit Build 22621 (10.0.22621.2070)
OS uptime: 1 days 21:37 hours
Hyper-V role detected

CPU: total 8 (initial active 8) (4 cores per cpu, 2 threads per core) family 6 model 140 stepping 2 microcode 0x28, cx8, cmov, fxsr, ht, mmx, 3dnowpref, sse, sse2, sse3, ssse3, sse4.1, sse4.2, popcnt, lzcnt, tsc, tscinvbit, avx, avx2, aes, erms, clmul, bmi1, bmi2, adx, avx512f, avx512dq, avx512cd, avx512bw, avx512vl, sha, fma, vzeroupper, avx512_vpopcntdq, avx512_vpclmulqdq, avx512_vaes, avx512_vnni, clflush, clflushopt, clwb, avx512_vbmi2, avx512_vbmi, hv

Memory: 4k page, system-wide physical 7941M (603M free)
TotalPageFile size 17157M (AvailPageFile size 2749M)
current process WorkingSet (physical memory assigned to process): 201M, peak: 265M
current process commit charge ("private bytes"): 240M, peak: 312M

vm_info: Java HotSpot(TM) 64-Bit Server VM (18.0.1.1+2-6) for windows-amd64 JRE (18.0.1.1+2-6), built on Apr 25 2022 21:53:15 by "mach5one" with MS VC++ 16.8 / 16.9 (VS2019)

END.
